# JRE version: 7.0_25-b17
# Java VM: Java HotSpot(TM) 64-Bit Server VM (23.25-b01 mixed mode windows-amd64 compressed oops)
Heap
 PSYoungGen      total 435392K, used 34976K [0x00000007ab760000, 0x00000007c9480000, 0x0000000800000000)
  eden space 413824K, 8% used [0x00000007ab760000,0x00000007ad988370,0x00000007c4b80000)
  from space 21568K, 0% used [0x00000007c4b80000,0x00000007c4b80000,0x00000007c6090000)
  to   space 21120K, 0% used [0x00000007c7fe0000,0x00000007c7fe0000,0x00000007c9480000)
 ParOldGen       total 248576K, used 166539K [0x0000000702600000, 0x00000007118c0000, 0x00000007ab760000)
  object space 248576K, 66% used [0x0000000702600000,0x000000070c8a2ff8,0x00000007118c0000)
 PSPermGen       total 55296K, used 47402K [0x00000006fd400000, 0x0000000700a00000, 0x0000000702600000)
  object space 55296K, 85% used [0x00000006fd400000,0x000000070024a8d0,0x0000000700a00000)
GC Heap History (10 events):
Event: 997.591 GC heap before
{Heap before GC invocations=100 (full 16):
 PSYoungGen      total 421120K, used 417012K [0x00000007ab760000, 0x00000007c73c0000, 0x0000000800000000)
  eden space 401856K, 99% used [0x00000007ab760000,0x00000007c3fcdcb8,0x00000007c3fd0000)
  from space 19264K, 78% used [0x00000007c3fd0000,0x00000007c4e9f3c0,0x00000007c52a0000)
  to   space 19648K, 0% used [0x00000007c6090000,0x00000007c6090000,0x00000007c73c0000)
 ParOldGen       total 248576K, used 165074K [0x0000000702600000, 0x00000007118c0000, 0x00000007ab760000)
  object space 248576K, 66% used [0x0000000702600000,0x000000070c734b88,0x00000007118c0000)
 PSPermGen       total 56320K, used 47134K [0x00000006fd400000, 0x0000000700b00000, 0x0000000702600000)
  object space 56320K, 83% used [0x00000006fd400000,0x0000000700207930,0x0000000700b00000)
Event: 997.598 GC heap after
Heap after GC invocations=100 (full 16):
 PSYoungGen      total 435328K, used 14647K [0x00000007ab760000, 0x00000007c8320000, 0x0000000800000000)
  eden space 415680K, 0% used [0x00000007ab760000,0x00000007ab760000,0x00000007c4d50000)
  from space 19648K, 74% used [0x00000007c6090000,0x00000007c6edde28,0x00000007c73c0000)
  to   space 19712K, 0% used [0x00000007c4d50000,0x00000007c4d50000,0x00000007c6090000)
 ParOldGen       total 248576K, used 165074K [0x0000000702600000, 0x00000007118c0000, 0x00000007ab760000)
  object space 248576K, 66% used [0x0000000702600000,0x000000070c734b88,0x00000007118c0000)
 PSPermGen       total 56320K, used 47134K [0x00000006fd400000, 0x0000000700b00000, 0x0000000702600000)
  object space 56320K, 83% used [0x00000006fd400000,0x0000000700207930,0x0000000700b00000)
}
Event: 1045.773 GC heap before
{Heap before GC invocations=101 (full 16):
 PSYoungGen      total 435328K, used 430327K [0x00000007ab760000, 0x00000007c8320000, 0x0000000800000000)
  eden space 415680K, 100% used [0x00000007ab760000,0x00000007c4d50000,0x00000007c4d50000)
  from space 19648K, 74% used [0x00000007c6090000,0x00000007c6edde28,0x00000007c73c0000)
  to   space 19712K, 0% used [0x00000007c4d50000,0x00000007c4d50000,0x00000007c6090000)
 ParOldGen       total 248576K, used 165074K [0x0000000702600000, 0x00000007118c0000, 0x00000007ab760000)
  object space 248576K, 66% used [0x0000000702600000,0x000000070c734b88,0x00000007118c0000)
 PSPermGen       total 56320K, used 47382K [0x00000006fd400000, 0x0000000700b00000, 0x0000000702600000)
  object space 56320K, 84% used [0x00000006fd400000,0x0000000700245a48,0x0000000700b00000)
Event: 1045.782 GC heap after
Heap after GC invocations=101 (full 16):
 PSYoungGen      total 418688K, used 19707K [0x00000007ab760000, 0x00000007c6740000, 0x0000000800000000)
  eden space 398976K, 0% used [0x00000007ab760000,0x00000007ab760000,0x00000007c3d00000)
  from space 19712K, 99% used [0x00000007c4d50000,0x00000007c608efd0,0x00000007c6090000)
  to   space 6848K, 0% used [0x00000007c6090000,0x00000007c6090000,0x00000007c6740000)
 ParOldGen       total 248576K, used 165157K [0x0000000702600000, 0x00000007118c0000, 0x00000007ab760000)
  object space 248576K, 66% used [0x0000000702600000,0x000000070c7496b8,0x00000007118c0000)
 PSPermGen       total 56320K, used 47382K [0x00000006fd400000, 0x0000000700b00000, 0x0000000702600000)
  object space 56320K, 84% used [0x00000006fd400000,0x0000000700245a48,0x0000000700b00000)
}
Event: 1046.054 GC heap before
{Heap before GC invocations=102 (full 16):
 PSYoungGen      total 418688K, used 418683K [0x00000007ab760000, 0x00000007c6740000, 0x0000000800000000)
  eden space 398976K, 99% used [0x00000007ab760000,0x00000007c3cffca0,0x00000007c3d00000)
  from space 19712K, 99% used [0x00000007c4d50000,0x00000007c608efd0,0x00000007c6090000)
  to   space 6848K, 0% used [0x00000007c6090000,0x00000007c6090000,0x00000007c6740000)
 ParOldGen       total 248576K, used 165157K [0x0000000702600000, 0x00000007118c0000, 0x00000007ab760000)
  object space 248576K, 66% used [0x0000000702600000,0x000000070c7496b8,0x00000007118c0000)
 PSPermGen       total 56320K, used 47384K [0x00000006fd400000, 0x0000000700b00000, 0x0000000702600000)
  object space 56320K, 84% used [0x00000006fd400000,0x0000000700246250,0x0000000700b00000)
Event: 1046.063 GC heap after
Heap after GC invocations=102 (full 16):
 PSYoungGen      total 420672K, used 6829K [0x00000007ab760000, 0x00000007c9560000, 0x0000000800000000)
  eden space 413824K, 0% used [0x00000007ab760000,0x00000007ab760000,0x00000007c4b80000)
  from space 6848K, 99% used [0x00000007c6090000,0x00000007c673b728,0x00000007c6740000)
  to   space 21568K, 0% used [0x00000007c4b80000,0x00000007c4b80000,0x00000007c6090000)
 ParOldGen       total 248576K, used 173725K [0x0000000702600000, 0x00000007118c0000, 0x00000007ab760000)
  object space 248576K, 69% used [0x0000000702600000,0x000000070cfa76b8,0x00000007118c0000)
 PSPermGen       total 56320K, used 47384K [0x00000006fd400000, 0x0000000700b00000, 0x0000000702600000)
  object space 56320K, 84% used [0x00000006fd400000,0x0000000700246250,0x0000000700b00000)
}
Event: 1057.498 GC heap before
{Heap before GC invocations=103 (full 16):
 PSYoungGen      total 420672K, used 246962K [0x00000007ab760000, 0x00000007c9560000, 0x0000000800000000)
  eden space 413824K, 58% used [0x00000007ab760000,0x00000007ba1e1370,0x00000007c4b80000)
  from space 6848K, 99% used [0x00000007c6090000,0x00000007c673b728,0x00000007c6740000)
  to   space 21568K, 0% used [0x00000007c4b80000,0x00000007c4b80000,0x00000007c6090000)
 ParOldGen       total 248576K, used 173725K [0x0000000702600000, 0x00000007118c0000, 0x00000007ab760000)
  object space 248576K, 69% used [0x0000000702600000,0x000000070cfa76b8,0x00000007118c0000)
 PSPermGen       total 56320K, used 47391K [0x00000006fd400000, 0x0000000700b00000, 0x0000000702600000)
  object space 56320K, 84% used [0x00000006fd400000,0x0000000700247d20,0x0000000700b00000)
Event: 1057.503 GC heap after
Heap after GC invocations=103 (full 16):
 PSYoungGen      total 435392K, used 11691K [0x00000007ab760000, 0x00000007c9480000, 0x0000000800000000)
  eden space 413824K, 0% used [0x00000007ab760000,0x00000007ab760000,0x00000007c4b80000)
  from space 21568K, 54% used [0x00000007c4b80000,0x00000007c56ead50,0x00000007c6090000)
  to   space 21120K, 0% used [0x00000007c7fe0000,0x00000007c7fe0000,0x00000007c9480000)
 ParOldGen       total 248576K, used 173725K [0x0000000702600000, 0x00000007118c0000, 0x00000007ab760000)
  object space 248576K, 69% used [0x0000000702600000,0x000000070cfa76b8,0x00000007118c0000)
 PSPermGen       total 56320K, used 47391K [0x00000006fd400000, 0x0000000700b00000, 0x0000000702600000)
  object space 56320K, 84% used [0x00000006fd400000,0x0000000700247d20,0x0000000700b00000)
}
Event: 1057.503 GC heap before
{Heap before GC invocations=104 (full 17):
 PSYoungGen      total 435392K, used 11691K [0x00000007ab760000, 0x00000007c9480000, 0x0000000800000000)
  eden space 413824K, 0% used [0x00000007ab760000,0x00000007ab760000,0x00000007c4b80000)
  from space 21568K, 54% used [0x00000007c4b80000,0x00000007c56ead50,0x00000007c6090000)
  to   space 21120K, 0% used [0x00000007c7fe0000,0x00000007c7fe0000,0x00000007c9480000)
 ParOldGen       total 248576K, used 173725K [0x0000000702600000, 0x00000007118c0000, 0x00000007ab760000)
  object space 248576K, 69% used [0x0000000702600000,0x000000070cfa76b8,0x00000007118c0000)
 PSPermGen       total 56320K, used 47391K [0x00000006fd400000, 0x0000000700b00000, 0x0000000702600000)
  object space 56320K, 84% used [0x00000006fd400000,0x0000000700247d20,0x0000000700b00000)
Event: 1057.760 GC heap after
Heap after GC invocations=104 (full 17):
 PSYoungGen      total 435392K, used 0K [0x00000007ab760000, 0x00000007c9480000, 0x0000000800000000)
  eden space 413824K, 0% used [0x00000007ab760000,0x00000007ab760000,0x00000007c4b80000)
  from space 21568K, 0% used [0x00000007c4b80000,0x00000007c4b80000,0x00000007c6090000)
  to   space 21120K, 0% used [0x00000007c7fe0000,0x00000007c7fe0000,0x00000007c9480000)
 ParOldGen       total 248576K, used 166539K [0x0000000702600000, 0x00000007118c0000, 0x00000007ab760000)
  object space 248576K, 66% used [0x0000000702600000,0x000000070c8a2ff8,0x00000007118c0000)
 PSPermGen       total 55296K, used 47389K [0x00000006fd400000, 0x0000000700a00000, 0x0000000702600000)
  object space 55296K, 85% used [0x00000006fd400000,0x0000000700247740,0x0000000700a00000)
}

